<?xml version="1.0" encoding="UTF-8"?>
<robot generator="Robot 7.0.1 (Python 3.12.4 on win32)" generated="2024-10-07T00:35:42.239985" rpa="false" schemaversion="5">
<suite id="s1" name="TestCase1" source="c:\Users\Administrator\Desktop\project\Tests\TestCase1.robot">
<test id="s1-t1" name="Exercise3" line="16">
<kw name="Log" owner="BuiltIn">
<msg time="2024-10-07T00:35:43.031221" level="INFO">99</msg>
<arg>${random_number}</arg>
<doc>Logs the given message with the given level.</doc>
<status status="PASS" start="2024-10-07T00:35:43.031221" elapsed="0.001958"/>
</kw>
<status status="PASS" start="2024-10-07T00:35:43.028222" elapsed="0.004957"/>
</test>
<doc>Verify Text Equality</doc>
<status status="PASS" start="2024-10-07T00:35:42.244489" elapsed="0.817414"/>
</suite>
<statistics>
<total>
<stat pass="1" fail="0" skip="0">All Tests</stat>
</total>
<tag>
</tag>
<suite>
<stat pass="1" fail="0" skip="0" id="s1" name="TestCase1">TestCase1</stat>
</suite>
</statistics>
<errors>
</errors>
</robot>
